<?xml version="1.0" encoding="UTF-8"?>
<testsuite xmlns:xsi="http://www.w3.org/2001/XMLSchema-instance" xsi:noNamespaceSchemaLocation="https://maven.apache.org/surefire/maven-surefire-plugin/xsd/surefire-test-report.xsd" name="com.mycompany.app.AppTest" time="0.093" tests="1" errors="0" skipped="0" failures="0">
  <properties>
    <property name="sun.desktop" value="windows"/>
    <property name="awt.toolkit" value="sun.awt.windows.WToolkit"/>
    <property name="file.encoding.pkg" value="sun.io"/>
    <property name="java.specification.version" value="1.8"/>
    <property name="sun.cpu.isalist" value="amd64"/>
    <property name="sun.jnu.encoding" value="Cp1252"/>
    <property name="java.class.path" value="D:\Projects\Demomaven\my-app\target\test-classes;D:\Projects\Demomaven\my-app\target\classes;C:\Users\jayeshpaw\.m2\repository\junit\junit\4.11\junit-4.11.jar;C:\Users\jayeshpaw\.m2\repository\org\hamcrest\hamcrest-core\1.3\hamcrest-core-1.3.jar;C:\Users\jayeshpaw\.m2\repository\org\codehaus\mojo\cobertura-maven-plugin\2.7\cobertura-maven-plugin-2.7.jar;C:\Users\jayeshpaw\.m2\repository\net\sourceforge\cobertura\cobertura\2.1.1\cobertura-2.1.1.jar;C:\Users\jayeshpaw\.m2\repository\org\ow2\asm\asm\5.0.1\asm-5.0.1.jar;C:\Users\jayeshpaw\.m2\repository\org\ow2\asm\asm-tree\5.0.1\asm-tree-5.0.1.jar;C:\Users\jayeshpaw\.m2\repository\org\ow2\asm\asm-commons\5.0.1\asm-commons-5.0.1.jar;C:\Users\jayeshpaw\.m2\repository\org\ow2\asm\asm-util\5.0.1\asm-util-5.0.1.jar;C:\Users\jayeshpaw\.m2\repository\org\ow2\asm\asm-analysis\5.0.1\asm-analysis-5.0.1.jar;C:\Users\jayeshpaw\.m2\repository\oro\oro\2.0.8\oro-2.0.8.jar;C:\Users\jayeshpaw\.m2\repository\org\apache\ant\ant\1.8.3\ant-1.8.3.jar;C:\Users\jayeshpaw\.m2\repository\org\apache\ant\ant-launcher\1.8.3\ant-launcher-1.8.3.jar;C:\Users\jayeshpaw\.m2\repository\org\apache\ant\ant-junit\1.8.3\ant-junit-1.8.3.jar;C:\Users\jayeshpaw\.m2\repository\org\mortbay\jetty\servlet-api-2.5\6.1.14\servlet-api-2.5-6.1.14.jar;C:\Users\jayeshpaw\.m2\repository\org\mortbay\jetty\jetty\6.1.14\jetty-6.1.14.jar;C:\Users\jayeshpaw\.m2\repository\org\mortbay\jetty\jetty-util\6.1.14\jetty-util-6.1.14.jar;C:\Program Files\Java\jdk1.8.0_161\jre\..\lib\tools.jar;C:\Users\jayeshpaw\.m2\repository\org\slf4j\slf4j-api\1.7.5\slf4j-api-1.7.5.jar;C:\Users\jayeshpaw\.m2\repository\ch\qos\logback\logback-classic\1.0.13\logback-classic-1.0.13.jar;C:\Users\jayeshpaw\.m2\repository\ch\qos\logback\logback-core\1.0.13\logback-core-1.0.13.jar;C:\Users\jayeshpaw\.m2\repository\org\apache\commons\commons-lang3\3.3.2\commons-lang3-3.3.2.jar;C:\Users\jayeshpaw\.m2\repository\xerces\xercesImpl\2.11.0\xercesImpl-2.11.0.jar;C:\Users\jayeshpaw\.m2\repository\xml-apis\xml-apis\1.4.01\xml-apis-1.4.01.jar;C:\Users\jayeshpaw\.m2\repository\jaxen\jaxen\1.1.4\jaxen-1.1.4.jar;C:\Users\jayeshpaw\.m2\repository\org\jdom\jdom\1.1.3\jdom-1.1.3.jar;C:\Users\jayeshpaw\.m2\repository\urbanophile\java-getopt\1.0.9\java-getopt-1.0.9.jar;C:\Users\jayeshpaw\.m2\repository\org\apache\maven\maven-core\2.0.8\maven-core-2.0.8.jar;C:\Users\jayeshpaw\.m2\repository\org\apache\maven\maven-settings\2.0.8\maven-settings-2.0.8.jar;C:\Users\jayeshpaw\.m2\repository\org\apache\maven\wagon\wagon-file\1.0-beta-2\wagon-file-1.0-beta-2.jar;C:\Users\jayeshpaw\.m2\repository\org\apache\maven\maven-plugin-parameter-documenter\2.0.8\maven-plugin-parameter-documenter-2.0.8.jar;C:\Users\jayeshpaw\.m2\repository\org\apache\maven\wagon\wagon-http-lightweight\1.0-beta-2\wagon-http-lightweight-1.0-beta-2.jar;C:\Users\jayeshpaw\.m2\repository\org\apache\maven\wagon\wagon-http-shared\1.0-beta-2\wagon-http-shared-1.0-beta-2.jar;C:\Users\jayeshpaw\.m2\repository\jtidy\jtidy\4aug2000r7-dev\jtidy-4aug2000r7-dev.jar;C:\Users\jayeshpaw\.m2\repository\org\apache\maven\maven-profile\2.0.8\maven-profile-2.0.8.jar;C:\Users\jayeshpaw\.m2\repository\org\apache\maven\maven-model\2.0.8\maven-model-2.0.8.jar;C:\Users\jayeshpaw\.m2\repository\org\apache\maven\wagon\wagon-provider-api\1.0-beta-2\wagon-provider-api-1.0-beta-2.jar;C:\Users\jayeshpaw\.m2\repository\org\codehaus\plexus\plexus-container-default\1.0-alpha-9-stable-1\plexus-container-default-1.0-alpha-9-stable-1.jar;C:\Users\jayeshpaw\.m2\repository\org\apache\maven\maven-repository-metadata\2.0.8\maven-repository-metadata-2.0.8.jar;C:\Users\jayeshpaw\.m2\repository\org\apache\maven\maven-error-diagnostics\2.0.8\maven-error-diagnostics-2.0.8.jar;C:\Users\jayeshpaw\.m2\repository\commons-cli\commons-cli\1.0\commons-cli-1.0.jar;C:\Users\jayeshpaw\.m2\repository\org\apache\maven\wagon\wagon-ssh-external\1.0-beta-2\wagon-ssh-external-1.0-beta-2.jar;C:\Users\jayeshpaw\.m2\repository\org\apache\maven\wagon\wagon-ssh-common\1.0-beta-2\wagon-ssh-common-1.0-beta-2.jar;C:\Users\jayeshpaw\.m2\repository\org\apache\maven\maven-plugin-descriptor\2.0.8\maven-plugin-descriptor-2.0.8.jar;C:\Users\jayeshpaw\.m2\repository\org\codehaus\plexus\plexus-interactivity-api\1.0-alpha-4\plexus-interactivity-api-1.0-alpha-4.jar;C:\Users\jayeshpaw\.m2\repository\org\apache\maven\maven-artifact-manager\2.0.8\maven-artifact-manager-2.0.8.jar;C:\Users\jayeshpaw\.m2\repository\org\apache\maven\maven-monitor\2.0.8\maven-monitor-2.0.8.jar;C:\Users\jayeshpaw\.m2\repository\org\apache\maven\wagon\wagon-ssh\1.0-beta-2\wagon-ssh-1.0-beta-2.jar;C:\Users\jayeshpaw\.m2\repository\com\jcraft\jsch\0.1.27\jsch-0.1.27.jar;C:\Users\jayeshpaw\.m2\repository\classworlds\classworlds\1.1\classworlds-1.1.jar;C:\Users\jayeshpaw\.m2\repository\org\apache\maven\maven-artifact\2.0.8\maven-artifact-2.0.8.jar;C:\Users\jayeshpaw\.m2\repository\org\apache\maven\maven-plugin-api\2.0.8\maven-plugin-api-2.0.8.jar;C:\Users\jayeshpaw\.m2\repository\org\apache\maven\reporting\maven-reporting-api\2.0.8\maven-reporting-api-2.0.8.jar;C:\Users\jayeshpaw\.m2\repository\org\apache\maven\doxia\doxia-sink-api\1.0-alpha-9\doxia-sink-api-1.0-alpha-9.jar;C:\Users\jayeshpaw\.m2\repository\org\apache\maven\maven-project\2.0.8\maven-project-2.0.8.jar;C:\Users\jayeshpaw\.m2\repository\org\apache\maven\maven-plugin-registry\2.0.8\maven-plugin-registry-2.0.8.jar;C:\Users\jayeshpaw\.m2\repository\org\apache\maven\reporting\maven-reporting-impl\2.0.4.2\maven-reporting-impl-2.0.4.2.jar;C:\Users\jayeshpaw\.m2\repository\commons-validator\commons-validator\1.2.0\commons-validator-1.2.0.jar;C:\Users\jayeshpaw\.m2\repository\commons-beanutils\commons-beanutils\1.7.0\commons-beanutils-1.7.0.jar;C:\Users\jayeshpaw\.m2\repository\commons-digester\commons-digester\1.6\commons-digester-1.6.jar;C:\Users\jayeshpaw\.m2\repository\commons-logging\commons-logging\1.0.4\commons-logging-1.0.4.jar;C:\Users\jayeshpaw\.m2\repository\org\apache\maven\doxia\doxia-core\1.0\doxia-core-1.0.jar;C:\Users\jayeshpaw\.m2\repository\org\apache\maven\doxia\doxia-site-renderer\1.0\doxia-site-renderer-1.0.jar;C:\Users\jayeshpaw\.m2\repository\org\codehaus\plexus\plexus-i18n\1.0-beta-7\plexus-i18n-1.0-beta-7.jar;C:\Users\jayeshpaw\.m2\repository\org\codehaus\plexus\plexus-velocity\1.1.7\plexus-velocity-1.1.7.jar;C:\Users\jayeshpaw\.m2\repository\org\apache\velocity\velocity\1.5\velocity-1.5.jar;C:\Users\jayeshpaw\.m2\repository\org\apache\maven\doxia\doxia-decoration-model\1.0\doxia-decoration-model-1.0.jar;C:\Users\jayeshpaw\.m2\repository\commons-collections\commons-collections\3.2\commons-collections-3.2.jar;C:\Users\jayeshpaw\.m2\repository\org\apache\maven\doxia\doxia-module-apt\1.0\doxia-module-apt-1.0.jar;C:\Users\jayeshpaw\.m2\repository\org\apache\maven\doxia\doxia-module-fml\1.0\doxia-module-fml-1.0.jar;C:\Users\jayeshpaw\.m2\repository\org\apache\maven\doxia\doxia-module-xdoc\1.0\doxia-module-xdoc-1.0.jar;C:\Users\jayeshpaw\.m2\repository\org\apache\maven\doxia\doxia-module-xhtml\1.0\doxia-module-xhtml-1.0.jar;C:\Users\jayeshpaw\.m2\repository\commons-lang\commons-lang\2.4\commons-lang-2.4.jar;C:\Users\jayeshpaw\.m2\repository\org\codehaus\plexus\plexus-utils\2.0.2\plexus-utils-2.0.2.jar;C:\Users\jayeshpaw\.m2\repository\org\apache\maven\shared\maven-invoker\2.0.11\maven-invoker-2.0.11.jar;C:\Users\jayeshpaw\.m2\repository\org\sonatype\plexus\plexus-sec-dispatcher\1.4\plexus-sec-dispatcher-1.4.jar;C:\Users\jayeshpaw\.m2\repository\org\sonatype\plexus\plexus-cipher\1.4\plexus-cipher-1.4.jar;C:\Users\jayeshpaw\.m2\repository\org\sonarsource\scanner\api\sonar-scanner-api\2.12.0.1661\sonar-scanner-api-2.12.0.1661.jar;"/>
    <property name="java.vm.vendor" value="Oracle Corporation"/>
    <property name="sun.arch.data.model" value="64"/>
    <property name="user.variant" value=""/>
    <property name="java.vendor.url" value="http://java.oracle.com/"/>
    <property name="user.timezone" value="Asia/Calcutta"/>
    <property name="java.vm.specification.version" value="1.8"/>
    <property name="os.name" value="Windows 8.1"/>
    <property name="user.country" value="US"/>
    <property name="sun.java.launcher" value="SUN_STANDARD"/>
    <property name="sun.boot.library.path" value="C:\Program Files\Java\jdk1.8.0_161\jre\bin"/>
    <property name="sun.java.command" value="C:\Users\JAYESH~1\AppData\Local\Temp\surefire502802461632967161\surefirebooter8149279305656806657.jar C:\Users\jayeshpaw\AppData\Local\Temp\surefire502802461632967161 2019-05-17T16-08-52_461-jvmRun1 surefire5319398637506603413tmp surefire_0258615773419351668tmp"/>
    <property name="surefire.test.class.path" value="D:\Projects\Demomaven\my-app\target\test-classes;D:\Projects\Demomaven\my-app\target\classes;C:\Users\jayeshpaw\.m2\repository\junit\junit\4.11\junit-4.11.jar;C:\Users\jayeshpaw\.m2\repository\org\hamcrest\hamcrest-core\1.3\hamcrest-core-1.3.jar;C:\Users\jayeshpaw\.m2\repository\org\codehaus\mojo\cobertura-maven-plugin\2.7\cobertura-maven-plugin-2.7.jar;C:\Users\jayeshpaw\.m2\repository\net\sourceforge\cobertura\cobertura\2.1.1\cobertura-2.1.1.jar;C:\Users\jayeshpaw\.m2\repository\org\ow2\asm\asm\5.0.1\asm-5.0.1.jar;C:\Users\jayeshpaw\.m2\repository\org\ow2\asm\asm-tree\5.0.1\asm-tree-5.0.1.jar;C:\Users\jayeshpaw\.m2\repository\org\ow2\asm\asm-commons\5.0.1\asm-commons-5.0.1.jar;C:\Users\jayeshpaw\.m2\repository\org\ow2\asm\asm-util\5.0.1\asm-util-5.0.1.jar;C:\Users\jayeshpaw\.m2\repository\org\ow2\asm\asm-analysis\5.0.1\asm-analysis-5.0.1.jar;C:\Users\jayeshpaw\.m2\repository\oro\oro\2.0.8\oro-2.0.8.jar;C:\Users\jayeshpaw\.m2\repository\org\apache\ant\ant\1.8.3\ant-1.8.3.jar;C:\Users\jayeshpaw\.m2\repository\org\apache\ant\ant-launcher\1.8.3\ant-launcher-1.8.3.jar;C:\Users\jayeshpaw\.m2\repository\org\apache\ant\ant-junit\1.8.3\ant-junit-1.8.3.jar;C:\Users\jayeshpaw\.m2\repository\org\mortbay\jetty\servlet-api-2.5\6.1.14\servlet-api-2.5-6.1.14.jar;C:\Users\jayeshpaw\.m2\repository\org\mortbay\jetty\jetty\6.1.14\jetty-6.1.14.jar;C:\Users\jayeshpaw\.m2\repository\org\mortbay\jetty\jetty-util\6.1.14\jetty-util-6.1.14.jar;C:\Program Files\Java\jdk1.8.0_161\jre\..\lib\tools.jar;C:\Users\jayeshpaw\.m2\repository\org\slf4j\slf4j-api\1.7.5\slf4j-api-1.7.5.jar;C:\Users\jayeshpaw\.m2\repository\ch\qos\logback\logback-classic\1.0.13\logback-classic-1.0.13.jar;C:\Users\jayeshpaw\.m2\repository\ch\qos\logback\logback-core\1.0.13\logback-core-1.0.13.jar;C:\Users\jayeshpaw\.m2\repository\org\apache\commons\commons-lang3\3.3.2\commons-lang3-3.3.2.jar;C:\Users\jayeshpaw\.m2\repository\xerces\xercesImpl\2.11.0\xercesImpl-2.11.0.jar;C:\Users\jayeshpaw\.m2\repository\xml-apis\xml-apis\1.4.01\xml-apis-1.4.01.jar;C:\Users\jayeshpaw\.m2\repository\jaxen\jaxen\1.1.4\jaxen-1.1.4.jar;C:\Users\jayeshpaw\.m2\repository\org\jdom\jdom\1.1.3\jdom-1.1.3.jar;C:\Users\jayeshpaw\.m2\repository\urbanophile\java-getopt\1.0.9\java-getopt-1.0.9.jar;C:\Users\jayeshpaw\.m2\repository\org\apache\maven\maven-core\2.0.8\maven-core-2.0.8.jar;C:\Users\jayeshpaw\.m2\repository\org\apache\maven\maven-settings\2.0.8\maven-settings-2.0.8.jar;C:\Users\jayeshpaw\.m2\repository\org\apache\maven\wagon\wagon-file\1.0-beta-2\wagon-file-1.0-beta-2.jar;C:\Users\jayeshpaw\.m2\repository\org\apache\maven\maven-plugin-parameter-documenter\2.0.8\maven-plugin-parameter-documenter-2.0.8.jar;C:\Users\jayeshpaw\.m2\repository\org\apache\maven\wagon\wagon-http-lightweight\1.0-beta-2\wagon-http-lightweight-1.0-beta-2.jar;C:\Users\jayeshpaw\.m2\repository\org\apache\maven\wagon\wagon-http-shared\1.0-beta-2\wagon-http-shared-1.0-beta-2.jar;C:\Users\jayeshpaw\.m2\repository\jtidy\jtidy\4aug2000r7-dev\jtidy-4aug2000r7-dev.jar;C:\Users\jayeshpaw\.m2\repository\org\apache\maven\maven-profile\2.0.8\maven-profile-2.0.8.jar;C:\Users\jayeshpaw\.m2\repository\org\apache\maven\maven-model\2.0.8\maven-model-2.0.8.jar;C:\Users\jayeshpaw\.m2\repository\org\apache\maven\wagon\wagon-provider-api\1.0-beta-2\wagon-provider-api-1.0-beta-2.jar;C:\Users\jayeshpaw\.m2\repository\org\codehaus\plexus\plexus-container-default\1.0-alpha-9-stable-1\plexus-container-default-1.0-alpha-9-stable-1.jar;C:\Users\jayeshpaw\.m2\repository\org\apache\maven\maven-repository-metadata\2.0.8\maven-repository-metadata-2.0.8.jar;C:\Users\jayeshpaw\.m2\repository\org\apache\maven\maven-error-diagnostics\2.0.8\maven-error-diagnostics-2.0.8.jar;C:\Users\jayeshpaw\.m2\repository\commons-cli\commons-cli\1.0\commons-cli-1.0.jar;C:\Users\jayeshpaw\.m2\repository\org\apache\maven\wagon\wagon-ssh-external\1.0-beta-2\wagon-ssh-external-1.0-beta-2.jar;C:\Users\jayeshpaw\.m2\repository\org\apache\maven\wagon\wagon-ssh-common\1.0-beta-2\wagon-ssh-common-1.0-beta-2.jar;C:\Users\jayeshpaw\.m2\repository\org\apache\maven\maven-plugin-descriptor\2.0.8\maven-plugin-descriptor-2.0.8.jar;C:\Users\jayeshpaw\.m2\repository\org\codehaus\plexus\plexus-interactivity-api\1.0-alpha-4\plexus-interactivity-api-1.0-alpha-4.jar;C:\Users\jayeshpaw\.m2\repository\org\apache\maven\maven-artifact-manager\2.0.8\maven-artifact-manager-2.0.8.jar;C:\Users\jayeshpaw\.m2\repository\org\apache\maven\maven-monitor\2.0.8\maven-monitor-2.0.8.jar;C:\Users\jayeshpaw\.m2\repository\org\apache\maven\wagon\wagon-ssh\1.0-beta-2\wagon-ssh-1.0-beta-2.jar;C:\Users\jayeshpaw\.m2\repository\com\jcraft\jsch\0.1.27\jsch-0.1.27.jar;C:\Users\jayeshpaw\.m2\repository\classworlds\classworlds\1.1\classworlds-1.1.jar;C:\Users\jayeshpaw\.m2\repository\org\apache\maven\maven-artifact\2.0.8\maven-artifact-2.0.8.jar;C:\Users\jayeshpaw\.m2\repository\org\apache\maven\maven-plugin-api\2.0.8\maven-plugin-api-2.0.8.jar;C:\Users\jayeshpaw\.m2\repository\org\apache\maven\reporting\maven-reporting-api\2.0.8\maven-reporting-api-2.0.8.jar;C:\Users\jayeshpaw\.m2\repository\org\apache\maven\doxia\doxia-sink-api\1.0-alpha-9\doxia-sink-api-1.0-alpha-9.jar;C:\Users\jayeshpaw\.m2\repository\org\apache\maven\maven-project\2.0.8\maven-project-2.0.8.jar;C:\Users\jayeshpaw\.m2\repository\org\apache\maven\maven-plugin-registry\2.0.8\maven-plugin-registry-2.0.8.jar;C:\Users\jayeshpaw\.m2\repository\org\apache\maven\reporting\maven-reporting-impl\2.0.4.2\maven-reporting-impl-2.0.4.2.jar;C:\Users\jayeshpaw\.m2\repository\commons-validator\commons-validator\1.2.0\commons-validator-1.2.0.jar;C:\Users\jayeshpaw\.m2\repository\commons-beanutils\commons-beanutils\1.7.0\commons-beanutils-1.7.0.jar;C:\Users\jayeshpaw\.m2\repository\commons-digester\commons-digester\1.6\commons-digester-1.6.jar;C:\Users\jayeshpaw\.m2\repository\commons-logging\commons-logging\1.0.4\commons-logging-1.0.4.jar;C:\Users\jayeshpaw\.m2\repository\org\apache\maven\doxia\doxia-core\1.0\doxia-core-1.0.jar;C:\Users\jayeshpaw\.m2\repository\org\apache\maven\doxia\doxia-site-renderer\1.0\doxia-site-renderer-1.0.jar;C:\Users\jayeshpaw\.m2\repository\org\codehaus\plexus\plexus-i18n\1.0-beta-7\plexus-i18n-1.0-beta-7.jar;C:\Users\jayeshpaw\.m2\repository\org\codehaus\plexus\plexus-velocity\1.1.7\plexus-velocity-1.1.7.jar;C:\Users\jayeshpaw\.m2\repository\org\apache\velocity\velocity\1.5\velocity-1.5.jar;C:\Users\jayeshpaw\.m2\repository\org\apache\maven\doxia\doxia-decoration-model\1.0\doxia-decoration-model-1.0.jar;C:\Users\jayeshpaw\.m2\repository\commons-collections\commons-collections\3.2\commons-collections-3.2.jar;C:\Users\jayeshpaw\.m2\repository\org\apache\maven\doxia\doxia-module-apt\1.0\doxia-module-apt-1.0.jar;C:\Users\jayeshpaw\.m2\repository\org\apache\maven\doxia\doxia-module-fml\1.0\doxia-module-fml-1.0.jar;C:\Users\jayeshpaw\.m2\repository\org\apache\maven\doxia\doxia-module-xdoc\1.0\doxia-module-xdoc-1.0.jar;C:\Users\jayeshpaw\.m2\repository\org\apache\maven\doxia\doxia-module-xhtml\1.0\doxia-module-xhtml-1.0.jar;C:\Users\jayeshpaw\.m2\repository\commons-lang\commons-lang\2.4\commons-lang-2.4.jar;C:\Users\jayeshpaw\.m2\repository\org\codehaus\plexus\plexus-utils\2.0.2\plexus-utils-2.0.2.jar;C:\Users\jayeshpaw\.m2\repository\org\apache\maven\shared\maven-invoker\2.0.11\maven-invoker-2.0.11.jar;C:\Users\jayeshpaw\.m2\repository\org\sonatype\plexus\plexus-sec-dispatcher\1.4\plexus-sec-dispatcher-1.4.jar;C:\Users\jayeshpaw\.m2\repository\org\sonatype\plexus\plexus-cipher\1.4\plexus-cipher-1.4.jar;C:\Users\jayeshpaw\.m2\repository\org\sonarsource\scanner\api\sonar-scanner-api\2.12.0.1661\sonar-scanner-api-2.12.0.1661.jar;"/>
    <property name="sun.cpu.endian" value="little"/>
    <property name="user.home" value="C:\Users\jayeshpaw"/>
    <property name="user.language" value="en"/>
    <property name="java.specification.vendor" value="Oracle Corporation"/>
    <property name="java.home" value="C:\Program Files\Java\jdk1.8.0_161\jre"/>
    <property name="basedir" value="D:\Projects\Demomaven\my-app"/>
    <property name="file.separator" value="\"/>
    <property name="line.separator" value="&#10;"/>
    <property name="java.vm.specification.vendor" value="Oracle Corporation"/>
    <property name="java.specification.name" value="Java Platform API Specification"/>
    <property name="java.awt.graphicsenv" value="sun.awt.Win32GraphicsEnvironment"/>
    <property name="surefire.real.class.path" value="C:\Users\JAYESH~1\AppData\Local\Temp\surefire502802461632967161\surefirebooter8149279305656806657.jar"/>
    <property name="sun.boot.class.path" value="C:\Program Files\Java\jdk1.8.0_161\jre\lib\resources.jar;C:\Program Files\Java\jdk1.8.0_161\jre\lib\rt.jar;C:\Program Files\Java\jdk1.8.0_161\jre\lib\sunrsasign.jar;C:\Program Files\Java\jdk1.8.0_161\jre\lib\jsse.jar;C:\Program Files\Java\jdk1.8.0_161\jre\lib\jce.jar;C:\Program Files\Java\jdk1.8.0_161\jre\lib\charsets.jar;C:\Program Files\Java\jdk1.8.0_161\jre\lib\jfr.jar;C:\Program Files\Java\jdk1.8.0_161\jre\classes"/>
    <property name="user.script" value=""/>
    <property name="sun.management.compiler" value="HotSpot 64-Bit Tiered Compilers"/>
    <property name="java.runtime.version" value="1.8.0_161-b12"/>
    <property name="user.name" value="jayeshpaw"/>
    <property name="path.separator" value=";"/>
    <property name="os.version" value="6.3"/>
    <property name="java.endorsed.dirs" value="C:\Program Files\Java\jdk1.8.0_161\jre\lib\endorsed"/>
    <property name="java.runtime.name" value="Java(TM) SE Runtime Environment"/>
    <property name="file.encoding" value="Cp1252"/>
    <property name="java.vm.name" value="Java HotSpot(TM) 64-Bit Server VM"/>
    <property name="localRepository" value="C:\Users\jayeshpaw\.m2\repository"/>
    <property name="java.vendor.url.bug" value="http://bugreport.sun.com/bugreport/"/>
    <property name="java.io.tmpdir" value="C:\Users\JAYESH~1\AppData\Local\Temp\"/>
    <property name="java.version" value="1.8.0_161"/>
    <property name="user.dir" value="D:\Projects\Demomaven\my-app"/>
    <property name="os.arch" value="amd64"/>
    <property name="java.vm.specification.name" value="Java Virtual Machine Specification"/>
    <property name="java.awt.printerjob" value="sun.awt.windows.WPrinterJob"/>
    <property name="sun.os.patch.level" value=""/>
    <property name="java.library.path" value="C:\Program Files\Java\jdk1.8.0_161\jre\bin;C:\Windows\Sun\Java\bin;C:\Windows\system32;C:\Windows;C:\Program Files\Java\jdk1.8.0_161\bin;D:\Softwares\sonar-scanner-3.3.0.1492-windows\bin;D:\Softwares\apache-tomcat-9.0.19-windows-x64\apache-tomcat-9.0.19\bin;C:\Program Files\Git\cmd;C:\Program Files\MySQL\MySQL Server 5.7\bin;D:\Softwares\apache-maven-3.6.1\bin;;C:\Users\jayeshpaw\AppData\Local\Programs\Microsoft VS Code\bin;C:\Users\jayeshpaw\AppData\Roaming\npm;."/>
    <property name="java.vm.info" value="mixed mode"/>
    <property name="java.vendor" value="Oracle Corporation"/>
    <property name="java.vm.version" value="25.161-b12"/>
    <property name="java.ext.dirs" value="C:\Program Files\Java\jdk1.8.0_161\jre\lib\ext;C:\Windows\Sun\Java\lib\ext"/>
    <property name="sun.io.unicode.encoding" value="UnicodeLittle"/>
    <property name="java.class.version" value="52.0"/>
  </properties>
  <testcase name="shouldAnswerWithTrue" classname="com.mycompany.app.AppTest" time="0.001"/>
</testsuite>